c:\users\rt\desktop\folders\_secret\visual studio\c++\opengltemplate\x64\debug\vc142.pdb
c:\users\rt\desktop\folders\_secret\visual studio\c++\opengltemplate\x64\debug\vc142.idb
c:\users\rt\desktop\folders\_secret\visual studio\c++\opengltemplate\x64\debug\window.obj
c:\users\rt\desktop\folders\_secret\visual studio\c++\opengltemplate\x64\debug\vertexbuffer.obj
c:\users\rt\desktop\folders\_secret\visual studio\c++\opengltemplate\x64\debug\vertexarray.obj
c:\users\rt\desktop\folders\_secret\visual studio\c++\opengltemplate\x64\debug\shader.obj
c:\users\rt\desktop\folders\_secret\visual studio\c++\opengltemplate\x64\debug\sandbox.obj
c:\users\rt\desktop\folders\_secret\visual studio\c++\opengltemplate\x64\debug\renderer.obj
c:\users\rt\desktop\folders\_secret\visual studio\c++\opengltemplate\x64\debug\rectangle.obj
c:\users\rt\desktop\folders\_secret\visual studio\c++\opengltemplate\x64\debug\player.obj
c:\users\rt\desktop\folders\_secret\visual studio\c++\opengltemplate\x64\debug\indexarray.obj
c:\users\rt\desktop\folders\_secret\visual studio\c++\opengltemplate\x64\debug\events.obj
c:\users\rt\desktop\folders\_secret\visual studio\c++\opengltemplate\x64\debug\entrypoint.obj
c:\users\rt\desktop\folders\_secret\visual studio\c++\opengltemplate\x64\debug\application.obj
c:\users\rt\desktop\folders\_secret\visual studio\c++\opengltemplate\x64\debug\opengltemplate.ilk
c:\users\rt\desktop\folders\_secret\visual studio\c++\opengltemplate\x64\debug\opengltemplate.exe
c:\users\rt\desktop\folders\_secret\visual studio\c++\opengltemplate\x64\debug\opengltemplate.pdb
c:\users\rt\desktop\folders\_secret\visual studio\c++\opengltemplate\x64\debug\opengltemplate.tlog\cl.command.1.tlog
c:\users\rt\desktop\folders\_secret\visual studio\c++\opengltemplate\x64\debug\opengltemplate.tlog\cl.read.1.tlog
c:\users\rt\desktop\folders\_secret\visual studio\c++\opengltemplate\x64\debug\opengltemplate.tlog\cl.write.1.tlog
c:\users\rt\desktop\folders\_secret\visual studio\c++\opengltemplate\x64\debug\opengltemplate.tlog\link.command.1.tlog
c:\users\rt\desktop\folders\_secret\visual studio\c++\opengltemplate\x64\debug\opengltemplate.tlog\link.read.1.tlog
c:\users\rt\desktop\folders\_secret\visual studio\c++\opengltemplate\x64\debug\opengltemplate.tlog\link.write.1.tlog
